<?xml version="1.0" encoding="UTF-8"?>
<!-- Generated by org.testng.reporters.JUnitXMLReporter -->
<testsuite ignored="0" hostname="JAGADEESH" failures="0" tests="3" name="Test case1" time="18.251" errors="0" timestamp="2025-01-23T18:12:32 IST">
  <testcase classname="testNG.parallelTesting" name="openbing" time="6.543"/>
  <testcase classname="testNG.parallelTesting" name="openfacebook" time="4.024"/>
  <testcase classname="testNG.parallelTesting" name="opengoogle" time="7.382"/>
</testsuite> <!-- Test case1 -->
