<?xml version="1.0" encoding="UTF-8"?>
<!-- Generated by org.testng.reporters.JUnitXMLReporter -->
<testsuite ignored="0" hostname="JAGADEESH" failures="0" tests="6" name="Test case1" time="7.644" errors="0" timestamp="2025-01-08T19:08:11 IST">
  <testcase classname="testNG.SampleTestCases" name="firstTestCase" time="0.018"/>
  <testcase classname="testNG.SampleTestCases" name="thirdcase" time="0.003"/>
  <testcase classname="testNG.SampleTestCases" name="secondcase" time="0.004"/>
  <testcase classname="testNG.TestSuite" name="openInstagram" time="2.391"/>
  <testcase classname="testNG.TestSuite" name="openYoutube" time="0.577"/>
  <testcase classname="testNG.TestSuite" name="openFacebook" time="4.495"/>
</testsuite> <!-- Test case1 -->
