<?xml version="1.0" encoding="UTF-8"?>
<testng-results ignored="0" total="2" passed="2" failed="0" skipped="0">
  <reporter-output>
  </reporter-output>
  <suite started-at="2025-01-27T17:09:00 IST" name="Test Suite1" finished-at="2025-01-27T17:09:05 IST" duration-ms="5517">
    <groups>
    </groups>
    <test started-at="2025-01-27T17:09:00 IST" name="Test case1 " finished-at="2025-01-27T17:09:05 IST" duration-ms="5517">
      <class name="testNG.basicfns">
        <test-method is-config="true" signature="drivercontrol()[pri:0, instance:testNG.basicfns@65d09a04]" started-at="2025-01-27T17:08:57 IST" name="drivercontrol" finished-at="2025-01-27T17:09:00 IST" duration-ms="2486" status="PASS">
          <reporter-output>
          </reporter-output>
        </test-method> <!-- drivercontrol -->
        <test-method signature="screenshot()[pri:0, instance:testNG.basicfns@65d09a04]" started-at="2025-01-27T17:09:00 IST" name="screenshot" finished-at="2025-01-27T17:09:02 IST" duration-ms="1956" status="PASS">
          <reporter-output>
          </reporter-output>
        </test-method> <!-- screenshot -->
        <test-method signature="upload()[pri:0, instance:testNG.basicfns@65d09a04]" started-at="2025-01-27T17:09:02 IST" name="upload" finished-at="2025-01-27T17:09:05 IST" depends-on-methods="testNG.basicfns.screenshot" duration-ms="3476" status="PASS">
          <reporter-output>
          </reporter-output>
        </test-method> <!-- upload -->
      </class> <!-- testNG.basicfns -->
    </test> <!-- Test case1  -->
  </suite> <!-- Test Suite1 -->
</testng-results>
